[0.009s] Invoking command in '/home/lordcruise/Documents/aurora-robotics-core-1.0/codes/robotic-arm-task/fanuc_m710ic_description/build/fanuc_m710ic_support': /usr/bin/cmake /home/lordcruise/Documents/aurora-robotics-core-1.0/codes/robotic-arm-task/fanuc_m710ic_description -DCATKIN_INSTALL_INTO_PREFIX_ROOT=0 -DCMAKE_INSTALL_PREFIX=/home/lordcruise/Documents/aurora-robotics-core-1.0/codes/robotic-arm-task/fanuc_m710ic_description/install/fanuc_m710ic_support
[0.033s] [0mCMake Error: Could not find cmake module file: CMakeDetermine0.5.1Compiler.cmake[0m
[0.033s] [0mCMake Error: Error required internal CMake variable not set, cmake may not be built correctly.
[0.033s] Missing variable is:
[0.033s] CMAKE_0.5.1_COMPILER_ENV_VAR[0m
[0.033s] [0mCMake Error: Error required internal CMake variable not set, cmake may not be built correctly.
[0.033s] Missing variable is:
[0.033s] CMAKE_0.5.1_COMPILER[0m
[0.033s] [0mCMake Error: Could not find cmake module file: /home/lordcruise/Documents/aurora-robotics-core-1.0/codes/robotic-arm-task/fanuc_m710ic_description/build/fanuc_m710ic_support/CMakeFiles/3.22.1/CMake0.5.1Compiler.cmake[0m
[0.034s] [31mCMake Error at CMakeLists.txt:3 (project):
[0.035s]   No CMAKE_0.5.1_COMPILER could be found.
[0.035s] 
[0.035s]   Tell CMake where to find the compiler by setting the CMake cache entry
[0.035s]   CMAKE_0.5.1_COMPILER to the full path to the compiler, or to the compiler
[0.035s]   name if it is in the PATH.
[0.035s] 
[0.035s] [0m
[0.035s] -- Configuring incomplete, errors occurred!
[0.035s] See also "/home/lordcruise/Documents/aurora-robotics-core-1.0/codes/robotic-arm-task/fanuc_m710ic_description/build/fanuc_m710ic_support/CMakeFiles/CMakeOutput.log".
[0.035s] [0mCMake Error: Could not find cmake module file: CMake0.5.1Information.cmake[0m
[0.035s] [0mCMake Error: CMAKE_0.5.1_COMPILER not set, after EnableLanguage[0m
[0.037s] Invoked command in '/home/lordcruise/Documents/aurora-robotics-core-1.0/codes/robotic-arm-task/fanuc_m710ic_description/build/fanuc_m710ic_support' returned '1': /usr/bin/cmake /home/lordcruise/Documents/aurora-robotics-core-1.0/codes/robotic-arm-task/fanuc_m710ic_description -DCATKIN_INSTALL_INTO_PREFIX_ROOT=0 -DCMAKE_INSTALL_PREFIX=/home/lordcruise/Documents/aurora-robotics-core-1.0/codes/robotic-arm-task/fanuc_m710ic_description/install/fanuc_m710ic_support
