[0.004s] Invoking command in '/home/lordcruise/Documents/aurora-robotics-core-1.0/codes/ros_intro_ws/robot_arm_demo/build/ros2_control_demo_description': CMAKE_PREFIX_PATH=${CMAKE_PREFIX_PATH}:/opt/ros/humble /usr/bin/cmake /home/lordcruise/Documents/aurora-robotics-core-1.0/codes/ros_intro_ws/robot_arm_demo/src/ros2_control_demos/ros2_control_demo_description -DAMENT_CMAKE_SYMLINK_INSTALL=1 -DCMAKE_INSTALL_PREFIX=/home/lordcruise/Documents/aurora-robotics-core-1.0/codes/ros_intro_ws/robot_arm_demo/install/ros2_control_demo_description
[0.041s] -- The C compiler identification is GNU 11.4.0
[0.073s] -- The CXX compiler identification is GNU 11.4.0
[0.080s] -- Detecting C compiler ABI info
[0.111s] -- Detecting C compiler ABI info - done
[0.114s] -- Check for working C compiler: /usr/lib/ccache/cc - skipped
[0.114s] -- Detecting C compile features
[0.115s] -- Detecting C compile features - done
[0.116s] -- Detecting CXX compiler ABI info
[0.150s] -- Detecting CXX compiler ABI info - done
[0.153s] -- Check for working CXX compiler: /usr/lib/ccache/c++ - skipped
[0.153s] -- Detecting CXX compile features
[0.153s] -- Detecting CXX compile features - done
[0.154s] -- Found ament_cmake: 1.3.11 (/opt/ros/humble/share/ament_cmake/cmake)
[0.330s] -- Found Python3: /usr/bin/python3 (found version "3.10.12") found components: Interpreter 
[0.359s] -- Override CMake install command with custom implementation using symlinks instead of copying resources
[0.403s] -- Configuring done
[0.404s] -- Generating done
[0.404s] -- Build files have been written to: /home/lordcruise/Documents/aurora-robotics-core-1.0/codes/ros_intro_ws/robot_arm_demo/build/ros2_control_demo_description
[0.407s] Invoked command in '/home/lordcruise/Documents/aurora-robotics-core-1.0/codes/ros_intro_ws/robot_arm_demo/build/ros2_control_demo_description' returned '0': CMAKE_PREFIX_PATH=${CMAKE_PREFIX_PATH}:/opt/ros/humble /usr/bin/cmake /home/lordcruise/Documents/aurora-robotics-core-1.0/codes/ros_intro_ws/robot_arm_demo/src/ros2_control_demos/ros2_control_demo_description -DAMENT_CMAKE_SYMLINK_INSTALL=1 -DCMAKE_INSTALL_PREFIX=/home/lordcruise/Documents/aurora-robotics-core-1.0/codes/ros_intro_ws/robot_arm_demo/install/ros2_control_demo_description
[0.408s] Invoking command in '/home/lordcruise/Documents/aurora-robotics-core-1.0/codes/ros_intro_ws/robot_arm_demo/build/ros2_control_demo_description': CMAKE_PREFIX_PATH=${CMAKE_PREFIX_PATH}:/opt/ros/humble /usr/bin/cmake --build /home/lordcruise/Documents/aurora-robotics-core-1.0/codes/ros_intro_ws/robot_arm_demo/build/ros2_control_demo_description -- -j24 -l24
[0.429s] Invoked command in '/home/lordcruise/Documents/aurora-robotics-core-1.0/codes/ros_intro_ws/robot_arm_demo/build/ros2_control_demo_description' returned '0': CMAKE_PREFIX_PATH=${CMAKE_PREFIX_PATH}:/opt/ros/humble /usr/bin/cmake --build /home/lordcruise/Documents/aurora-robotics-core-1.0/codes/ros_intro_ws/robot_arm_demo/build/ros2_control_demo_description -- -j24 -l24
[0.435s] Invoking command in '/home/lordcruise/Documents/aurora-robotics-core-1.0/codes/ros_intro_ws/robot_arm_demo/build/ros2_control_demo_description': CMAKE_PREFIX_PATH=${CMAKE_PREFIX_PATH}:/opt/ros/humble /usr/bin/cmake --install /home/lordcruise/Documents/aurora-robotics-core-1.0/codes/ros_intro_ws/robot_arm_demo/build/ros2_control_demo_description
[0.438s] -- Install configuration: ""
[0.438s] -- Execute custom install script
[0.438s] -- Symlinking: /home/lordcruise/Documents/aurora-robotics-core-1.0/codes/ros_intro_ws/robot_arm_demo/install/ros2_control_demo_description/share/ros2_control_demo_description/rrbot/urdf/rrbot.materials.xacro
[0.442s] -- Symlinking: /home/lordcruise/Documents/aurora-robotics-core-1.0/codes/ros_intro_ws/robot_arm_demo/install/ros2_control_demo_description/share/ros2_control_demo_description/rrbot/urdf/rrbot_description.urdf.xacro
[0.448s] -- Symlinking: /home/lordcruise/Documents/aurora-robotics-core-1.0/codes/ros_intro_ws/robot_arm_demo/install/ros2_control_demo_description/share/ros2_control_demo_description/rrbot/rviz/rrbot.rviz
[0.452s] -- Symlinking: /home/lordcruise/Documents/aurora-robotics-core-1.0/codes/ros_intro_ws/robot_arm_demo/install/ros2_control_demo_description/share/ros2_control_demo_description/diffbot/urdf/diffbot.materials.xacro
[0.456s] -- Symlinking: /home/lordcruise/Documents/aurora-robotics-core-1.0/codes/ros_intro_ws/robot_arm_demo/install/ros2_control_demo_description/share/ros2_control_demo_description/diffbot/urdf/diffbot_description.urdf.xacro
[0.460s] -- Symlinking: /home/lordcruise/Documents/aurora-robotics-core-1.0/codes/ros_intro_ws/robot_arm_demo/install/ros2_control_demo_description/share/ros2_control_demo_description/diffbot/rviz/diffbot.rviz
[0.464s] -- Symlinking: /home/lordcruise/Documents/aurora-robotics-core-1.0/codes/ros_intro_ws/robot_arm_demo/install/ros2_control_demo_description/share/ros2_control_demo_description/diffbot/rviz/diffbot_view.rviz
[0.468s] -- Symlinking: /home/lordcruise/Documents/aurora-robotics-core-1.0/codes/ros_intro_ws/robot_arm_demo/install/ros2_control_demo_description/share/ros2_control_demo_description/carlikebot/urdf/carlikebot.materials.xacro
[0.472s] -- Symlinking: /home/lordcruise/Documents/aurora-robotics-core-1.0/codes/ros_intro_ws/robot_arm_demo/install/ros2_control_demo_description/share/ros2_control_demo_description/carlikebot/urdf/carlikebot_description.urdf.xacro
[0.476s] -- Symlinking: /home/lordcruise/Documents/aurora-robotics-core-1.0/codes/ros_intro_ws/robot_arm_demo/install/ros2_control_demo_description/share/ros2_control_demo_description/carlikebot/rviz/carlikebot.rviz
[0.481s] -- Symlinking: /home/lordcruise/Documents/aurora-robotics-core-1.0/codes/ros_intro_ws/robot_arm_demo/install/ros2_control_demo_description/share/ros2_control_demo_description/carlikebot/rviz/carlikebot_view.rviz
[0.485s] -- Symlinking: /home/lordcruise/Documents/aurora-robotics-core-1.0/codes/ros_intro_ws/robot_arm_demo/install/ros2_control_demo_description/share/ros2_control_demo_description/r3bot/urdf/threedofbot_description.urdf.xacro
[0.488s] -- Symlinking: /home/lordcruise/Documents/aurora-robotics-core-1.0/codes/ros_intro_ws/robot_arm_demo/install/ros2_control_demo_description/share/ros2_control_demo_description/r6bot/meshes/collision/link_0.stl
[0.492s] -- Symlinking: /home/lordcruise/Documents/aurora-robotics-core-1.0/codes/ros_intro_ws/robot_arm_demo/install/ros2_control_demo_description/share/ros2_control_demo_description/r6bot/meshes/collision/link_1.stl
[0.495s] -- Symlinking: /home/lordcruise/Documents/aurora-robotics-core-1.0/codes/ros_intro_ws/robot_arm_demo/install/ros2_control_demo_description/share/ros2_control_demo_description/r6bot/meshes/collision/link_2.stl
[0.499s] -- Symlinking: /home/lordcruise/Documents/aurora-robotics-core-1.0/codes/ros_intro_ws/robot_arm_demo/install/ros2_control_demo_description/share/ros2_control_demo_description/r6bot/meshes/collision/link_3.stl
[0.503s] -- Symlinking: /home/lordcruise/Documents/aurora-robotics-core-1.0/codes/ros_intro_ws/robot_arm_demo/install/ros2_control_demo_description/share/ros2_control_demo_description/r6bot/meshes/collision/link_4.stl
[0.506s] -- Symlinking: /home/lordcruise/Documents/aurora-robotics-core-1.0/codes/ros_intro_ws/robot_arm_demo/install/ros2_control_demo_description/share/ros2_control_demo_description/r6bot/meshes/collision/link_5.stl
[0.510s] -- Symlinking: /home/lordcruise/Documents/aurora-robotics-core-1.0/codes/ros_intro_ws/robot_arm_demo/install/ros2_control_demo_description/share/ros2_control_demo_description/r6bot/meshes/collision/link_6.stl
[0.516s] -- Symlinking: /home/lordcruise/Documents/aurora-robotics-core-1.0/codes/ros_intro_ws/robot_arm_demo/install/ros2_control_demo_description/share/ros2_control_demo_description/r6bot/meshes/visual/link_0.dae
[0.520s] -- Symlinking: /home/lordcruise/Documents/aurora-robotics-core-1.0/codes/ros_intro_ws/robot_arm_demo/install/ros2_control_demo_description/share/ros2_control_demo_description/r6bot/meshes/visual/link_1.dae
[0.524s] -- Symlinking: /home/lordcruise/Documents/aurora-robotics-core-1.0/codes/ros_intro_ws/robot_arm_demo/install/ros2_control_demo_description/share/ros2_control_demo_description/r6bot/meshes/visual/link_2.dae
[0.528s] -- Symlinking: /home/lordcruise/Documents/aurora-robotics-core-1.0/codes/ros_intro_ws/robot_arm_demo/install/ros2_control_demo_description/share/ros2_control_demo_description/r6bot/meshes/visual/link_3.dae
[0.531s] -- Symlinking: /home/lordcruise/Documents/aurora-robotics-core-1.0/codes/ros_intro_ws/robot_arm_demo/install/ros2_control_demo_description/share/ros2_control_demo_description/r6bot/meshes/visual/link_4.dae
[0.536s] -- Symlinking: /home/lordcruise/Documents/aurora-robotics-core-1.0/codes/ros_intro_ws/robot_arm_demo/install/ros2_control_demo_description/share/ros2_control_demo_description/r6bot/meshes/visual/link_5.dae
[0.540s] -- Symlinking: /home/lordcruise/Documents/aurora-robotics-core-1.0/codes/ros_intro_ws/robot_arm_demo/install/ros2_control_demo_description/share/ros2_control_demo_description/r6bot/meshes/visual/link_6.dae
[0.544s] -- Symlinking: /home/lordcruise/Documents/aurora-robotics-core-1.0/codes/ros_intro_ws/robot_arm_demo/install/ros2_control_demo_description/share/ros2_control_demo_description/r6bot/srdf/r6bot.srdf
[0.547s] -- Symlinking: /home/lordcruise/Documents/aurora-robotics-core-1.0/codes/ros_intro_ws/robot_arm_demo/install/ros2_control_demo_description/share/ros2_control_demo_description/r6bot/urdf/inc/create_link.xacro
[0.552s] -- Symlinking: /home/lordcruise/Documents/aurora-robotics-core-1.0/codes/ros_intro_ws/robot_arm_demo/install/ros2_control_demo_description/share/ros2_control_demo_description/r6bot/urdf/r6bot_description.urdf.xacro
[0.556s] -- Symlinking: /home/lordcruise/Documents/aurora-robotics-core-1.0/codes/ros_intro_ws/robot_arm_demo/install/ros2_control_demo_description/share/ros2_control_demo_description/r6bot/rviz/view_robot.rviz
[0.560s] -- Symlinking: /home/lordcruise/Documents/aurora-robotics-core-1.0/codes/ros_intro_ws/robot_arm_demo/install/ros2_control_demo_description/share/ament_index/resource_index/package_run_dependencies/ros2_control_demo_description
[0.565s] -- Symlinking: /home/lordcruise/Documents/aurora-robotics-core-1.0/codes/ros_intro_ws/robot_arm_demo/install/ros2_control_demo_description/share/ament_index/resource_index/parent_prefix_path/ros2_control_demo_description
[0.568s] -- Symlinking: /home/lordcruise/Documents/aurora-robotics-core-1.0/codes/ros_intro_ws/robot_arm_demo/install/ros2_control_demo_description/share/ros2_control_demo_description/environment/ament_prefix_path.sh
[0.573s] -- Symlinking: /home/lordcruise/Documents/aurora-robotics-core-1.0/codes/ros_intro_ws/robot_arm_demo/install/ros2_control_demo_description/share/ros2_control_demo_description/environment/ament_prefix_path.dsv
[0.577s] -- Symlinking: /home/lordcruise/Documents/aurora-robotics-core-1.0/codes/ros_intro_ws/robot_arm_demo/install/ros2_control_demo_description/share/ros2_control_demo_description/environment/path.sh
[0.581s] -- Symlinking: /home/lordcruise/Documents/aurora-robotics-core-1.0/codes/ros_intro_ws/robot_arm_demo/install/ros2_control_demo_description/share/ros2_control_demo_description/environment/path.dsv
[0.584s] -- Symlinking: /home/lordcruise/Documents/aurora-robotics-core-1.0/codes/ros_intro_ws/robot_arm_demo/install/ros2_control_demo_description/share/ros2_control_demo_description/local_setup.bash
[0.589s] -- Symlinking: /home/lordcruise/Documents/aurora-robotics-core-1.0/codes/ros_intro_ws/robot_arm_demo/install/ros2_control_demo_description/share/ros2_control_demo_description/local_setup.sh
[0.593s] -- Symlinking: /home/lordcruise/Documents/aurora-robotics-core-1.0/codes/ros_intro_ws/robot_arm_demo/install/ros2_control_demo_description/share/ros2_control_demo_description/local_setup.zsh
[0.597s] -- Symlinking: /home/lordcruise/Documents/aurora-robotics-core-1.0/codes/ros_intro_ws/robot_arm_demo/install/ros2_control_demo_description/share/ros2_control_demo_description/local_setup.dsv
[0.601s] -- Symlinking: /home/lordcruise/Documents/aurora-robotics-core-1.0/codes/ros_intro_ws/robot_arm_demo/install/ros2_control_demo_description/share/ros2_control_demo_description/package.dsv
[0.605s] -- Symlinking: /home/lordcruise/Documents/aurora-robotics-core-1.0/codes/ros_intro_ws/robot_arm_demo/install/ros2_control_demo_description/share/ament_index/resource_index/packages/ros2_control_demo_description
[0.610s] -- Symlinking: /home/lordcruise/Documents/aurora-robotics-core-1.0/codes/ros_intro_ws/robot_arm_demo/install/ros2_control_demo_description/share/ros2_control_demo_description/cmake/ros2_control_demo_descriptionConfig.cmake
[0.613s] -- Symlinking: /home/lordcruise/Documents/aurora-robotics-core-1.0/codes/ros_intro_ws/robot_arm_demo/install/ros2_control_demo_description/share/ros2_control_demo_description/cmake/ros2_control_demo_descriptionConfig-version.cmake
[0.617s] -- Symlinking: /home/lordcruise/Documents/aurora-robotics-core-1.0/codes/ros_intro_ws/robot_arm_demo/install/ros2_control_demo_description/share/ros2_control_demo_description/package.xml
[0.623s] Invoked command in '/home/lordcruise/Documents/aurora-robotics-core-1.0/codes/ros_intro_ws/robot_arm_demo/build/ros2_control_demo_description' returned '0': CMAKE_PREFIX_PATH=${CMAKE_PREFIX_PATH}:/opt/ros/humble /usr/bin/cmake --install /home/lordcruise/Documents/aurora-robotics-core-1.0/codes/ros_intro_ws/robot_arm_demo/build/ros2_control_demo_description
