[0.017s] Invoking command in '/home/lordcruise/Documents/aurora-robotics-core-1.0/codes/ros_intro_ws/robot_arm_demo/build/ros2_control_demo_example_13': AMENT_PREFIX_PATH=/home/lordcruise/Documents/aurora-robotics-core-1.0/codes/ros_intro_ws/robot_arm_demo/install/ros2_control_demo_example_5:/home/lordcruise/Documents/aurora-robotics-core-1.0/codes/ros_intro_ws/robot_arm_demo/install/ros2_control_demo_example_4:${AMENT_PREFIX_PATH} CMAKE_PREFIX_PATH=/home/lordcruise/Documents/aurora-robotics-core-1.0/codes/ros_intro_ws/robot_arm_demo/install/ros2_control_demo_example_5:/home/lordcruise/Documents/aurora-robotics-core-1.0/codes/ros_intro_ws/robot_arm_demo/install/ros2_control_demo_example_4:/home/lordcruise/Documents/aurora-robotics-core-1.0/codes/ros_intro_ws/robot_arm_demo/install/ros2_control_demo_description:/opt/ros/humble LD_LIBRARY_PATH=/home/lordcruise/Documents/aurora-robotics-core-1.0/codes/ros_intro_ws/robot_arm_demo/install/ros2_control_demo_example_5/lib:/home/lordcruise/Documents/aurora-robotics-core-1.0/codes/ros_intro_ws/robot_arm_demo/install/ros2_control_demo_example_4/lib:${LD_LIBRARY_PATH} /usr/bin/cmake /home/lordcruise/Documents/aurora-robotics-core-1.0/codes/ros_intro_ws/robot_arm_demo/src/ros2_control_demos/example_13 -DAMENT_CMAKE_SYMLINK_INSTALL=1 -DCMAKE_INSTALL_PREFIX=/home/lordcruise/Documents/aurora-robotics-core-1.0/codes/ros_intro_ws/robot_arm_demo/install/ros2_control_demo_example_13
[0.071s] -- The CXX compiler identification is GNU 11.4.0
[0.078s] -- Detecting CXX compiler ABI info
[0.132s] -- Detecting CXX compiler ABI info - done
[0.137s] -- Check for working CXX compiler: /usr/lib/ccache/c++ - skipped
[0.137s] -- Detecting CXX compile features
[0.139s] -- Detecting CXX compile features - done
[0.139s] -- Found ament_cmake: 1.3.11 (/opt/ros/humble/share/ament_cmake/cmake)
[0.402s] -- Found Python3: /usr/bin/python3 (found version "3.10.12") found components: Interpreter 
[0.452s] -- Override CMake install command with custom implementation using symlinks instead of copying resources
[0.472s] -- Found ament_cmake_ros: 0.10.0 (/opt/ros/humble/share/ament_cmake_ros/cmake)
[0.480s] -- Found launch_testing_ament_cmake: 1.0.8 (/opt/ros/humble/share/launch_testing_ament_cmake/cmake)
[0.484s] -- Found python_cmake_module: 0.10.0 (/opt/ros/humble/share/python_cmake_module/cmake)
[0.498s] -- Found PythonInterp: /usr/bin/python3 (found suitable version "3.10.12", minimum required is "3.6") 
[0.508s] -- Found PythonLibs: /usr/lib/x86_64-linux-gnu/libpython3.10.so (found suitable version "3.10.12", minimum required is "3.5") 
[0.508s] -- Using PYTHON_EXECUTABLE: /usr/bin/python3
[0.508s] -- Using PYTHON_INCLUDE_DIRS: /usr/include/python3.10
[0.508s] -- Using PYTHON_LIBRARIES: /usr/lib/x86_64-linux-gnu/libpython3.10.so
[0.524s] -- Found PythonExtra: .so  
[0.771s] -- Configuring done
[0.771s] -- Generating done
[0.771s] -- Build files have been written to: /home/lordcruise/Documents/aurora-robotics-core-1.0/codes/ros_intro_ws/robot_arm_demo/build/ros2_control_demo_example_13
[0.778s] Invoked command in '/home/lordcruise/Documents/aurora-robotics-core-1.0/codes/ros_intro_ws/robot_arm_demo/build/ros2_control_demo_example_13' returned '0': AMENT_PREFIX_PATH=/home/lordcruise/Documents/aurora-robotics-core-1.0/codes/ros_intro_ws/robot_arm_demo/install/ros2_control_demo_example_5:/home/lordcruise/Documents/aurora-robotics-core-1.0/codes/ros_intro_ws/robot_arm_demo/install/ros2_control_demo_example_4:${AMENT_PREFIX_PATH} CMAKE_PREFIX_PATH=/home/lordcruise/Documents/aurora-robotics-core-1.0/codes/ros_intro_ws/robot_arm_demo/install/ros2_control_demo_example_5:/home/lordcruise/Documents/aurora-robotics-core-1.0/codes/ros_intro_ws/robot_arm_demo/install/ros2_control_demo_example_4:/home/lordcruise/Documents/aurora-robotics-core-1.0/codes/ros_intro_ws/robot_arm_demo/install/ros2_control_demo_description:/opt/ros/humble LD_LIBRARY_PATH=/home/lordcruise/Documents/aurora-robotics-core-1.0/codes/ros_intro_ws/robot_arm_demo/install/ros2_control_demo_example_5/lib:/home/lordcruise/Documents/aurora-robotics-core-1.0/codes/ros_intro_ws/robot_arm_demo/install/ros2_control_demo_example_4/lib:${LD_LIBRARY_PATH} /usr/bin/cmake /home/lordcruise/Documents/aurora-robotics-core-1.0/codes/ros_intro_ws/robot_arm_demo/src/ros2_control_demos/example_13 -DAMENT_CMAKE_SYMLINK_INSTALL=1 -DCMAKE_INSTALL_PREFIX=/home/lordcruise/Documents/aurora-robotics-core-1.0/codes/ros_intro_ws/robot_arm_demo/install/ros2_control_demo_example_13
[0.779s] Invoking command in '/home/lordcruise/Documents/aurora-robotics-core-1.0/codes/ros_intro_ws/robot_arm_demo/build/ros2_control_demo_example_13': AMENT_PREFIX_PATH=/home/lordcruise/Documents/aurora-robotics-core-1.0/codes/ros_intro_ws/robot_arm_demo/install/ros2_control_demo_example_5:/home/lordcruise/Documents/aurora-robotics-core-1.0/codes/ros_intro_ws/robot_arm_demo/install/ros2_control_demo_example_4:${AMENT_PREFIX_PATH} CMAKE_PREFIX_PATH=/home/lordcruise/Documents/aurora-robotics-core-1.0/codes/ros_intro_ws/robot_arm_demo/install/ros2_control_demo_example_5:/home/lordcruise/Documents/aurora-robotics-core-1.0/codes/ros_intro_ws/robot_arm_demo/install/ros2_control_demo_example_4:/home/lordcruise/Documents/aurora-robotics-core-1.0/codes/ros_intro_ws/robot_arm_demo/install/ros2_control_demo_description:/opt/ros/humble LD_LIBRARY_PATH=/home/lordcruise/Documents/aurora-robotics-core-1.0/codes/ros_intro_ws/robot_arm_demo/install/ros2_control_demo_example_5/lib:/home/lordcruise/Documents/aurora-robotics-core-1.0/codes/ros_intro_ws/robot_arm_demo/install/ros2_control_demo_example_4/lib:${LD_LIBRARY_PATH} /usr/bin/cmake --build /home/lordcruise/Documents/aurora-robotics-core-1.0/codes/ros_intro_ws/robot_arm_demo/build/ros2_control_demo_example_13 -- -j24 -l24
[0.808s] Invoked command in '/home/lordcruise/Documents/aurora-robotics-core-1.0/codes/ros_intro_ws/robot_arm_demo/build/ros2_control_demo_example_13' returned '0': AMENT_PREFIX_PATH=/home/lordcruise/Documents/aurora-robotics-core-1.0/codes/ros_intro_ws/robot_arm_demo/install/ros2_control_demo_example_5:/home/lordcruise/Documents/aurora-robotics-core-1.0/codes/ros_intro_ws/robot_arm_demo/install/ros2_control_demo_example_4:${AMENT_PREFIX_PATH} CMAKE_PREFIX_PATH=/home/lordcruise/Documents/aurora-robotics-core-1.0/codes/ros_intro_ws/robot_arm_demo/install/ros2_control_demo_example_5:/home/lordcruise/Documents/aurora-robotics-core-1.0/codes/ros_intro_ws/robot_arm_demo/install/ros2_control_demo_example_4:/home/lordcruise/Documents/aurora-robotics-core-1.0/codes/ros_intro_ws/robot_arm_demo/install/ros2_control_demo_description:/opt/ros/humble LD_LIBRARY_PATH=/home/lordcruise/Documents/aurora-robotics-core-1.0/codes/ros_intro_ws/robot_arm_demo/install/ros2_control_demo_example_5/lib:/home/lordcruise/Documents/aurora-robotics-core-1.0/codes/ros_intro_ws/robot_arm_demo/install/ros2_control_demo_example_4/lib:${LD_LIBRARY_PATH} /usr/bin/cmake --build /home/lordcruise/Documents/aurora-robotics-core-1.0/codes/ros_intro_ws/robot_arm_demo/build/ros2_control_demo_example_13 -- -j24 -l24
[0.809s] Invoking command in '/home/lordcruise/Documents/aurora-robotics-core-1.0/codes/ros_intro_ws/robot_arm_demo/build/ros2_control_demo_example_13': AMENT_PREFIX_PATH=/home/lordcruise/Documents/aurora-robotics-core-1.0/codes/ros_intro_ws/robot_arm_demo/install/ros2_control_demo_example_5:/home/lordcruise/Documents/aurora-robotics-core-1.0/codes/ros_intro_ws/robot_arm_demo/install/ros2_control_demo_example_4:${AMENT_PREFIX_PATH} CMAKE_PREFIX_PATH=/home/lordcruise/Documents/aurora-robotics-core-1.0/codes/ros_intro_ws/robot_arm_demo/install/ros2_control_demo_example_5:/home/lordcruise/Documents/aurora-robotics-core-1.0/codes/ros_intro_ws/robot_arm_demo/install/ros2_control_demo_example_4:/home/lordcruise/Documents/aurora-robotics-core-1.0/codes/ros_intro_ws/robot_arm_demo/install/ros2_control_demo_description:/opt/ros/humble LD_LIBRARY_PATH=/home/lordcruise/Documents/aurora-robotics-core-1.0/codes/ros_intro_ws/robot_arm_demo/install/ros2_control_demo_example_5/lib:/home/lordcruise/Documents/aurora-robotics-core-1.0/codes/ros_intro_ws/robot_arm_demo/install/ros2_control_demo_example_4/lib:${LD_LIBRARY_PATH} /usr/bin/cmake --install /home/lordcruise/Documents/aurora-robotics-core-1.0/codes/ros_intro_ws/robot_arm_demo/build/ros2_control_demo_example_13
[0.813s] -- Install configuration: ""
[0.813s] -- Execute custom install script
[0.813s] -- Symlinking: /home/lordcruise/Documents/aurora-robotics-core-1.0/codes/ros_intro_ws/robot_arm_demo/install/ros2_control_demo_example_13/share/ros2_control_demo_example_13/ros2_control/threedofbot.ros2_control.xacro
[0.818s] -- Symlinking: /home/lordcruise/Documents/aurora-robotics-core-1.0/codes/ros_intro_ws/robot_arm_demo/install/ros2_control_demo_example_13/share/ros2_control_demo_example_13/urdf/three_robots.urdf.xacro
[0.824s] -- Symlinking: /home/lordcruise/Documents/aurora-robotics-core-1.0/codes/ros_intro_ws/robot_arm_demo/install/ros2_control_demo_example_13/share/ros2_control_demo_example_13/rviz/three_robots.rviz
[0.831s] -- Symlinking: /home/lordcruise/Documents/aurora-robotics-core-1.0/codes/ros_intro_ws/robot_arm_demo/install/ros2_control_demo_example_13/share/ros2_control_demo_example_13/launch/three_robots.launch.py
[0.837s] -- Symlinking: /home/lordcruise/Documents/aurora-robotics-core-1.0/codes/ros_intro_ws/robot_arm_demo/install/ros2_control_demo_example_13/share/ros2_control_demo_example_13/config/three_robots_controllers.yaml
[0.843s] -- Symlinking: /home/lordcruise/Documents/aurora-robotics-core-1.0/codes/ros_intro_ws/robot_arm_demo/install/ros2_control_demo_example_13/share/ros2_control_demo_example_13/config/three_robots_position_command_publishers.yaml
[0.849s] -- Symlinking: /home/lordcruise/Documents/aurora-robotics-core-1.0/codes/ros_intro_ws/robot_arm_demo/install/ros2_control_demo_example_13/share/ament_index/resource_index/package_run_dependencies/ros2_control_demo_example_13
[0.856s] -- Symlinking: /home/lordcruise/Documents/aurora-robotics-core-1.0/codes/ros_intro_ws/robot_arm_demo/install/ros2_control_demo_example_13/share/ament_index/resource_index/parent_prefix_path/ros2_control_demo_example_13
[0.863s] -- Symlinking: /home/lordcruise/Documents/aurora-robotics-core-1.0/codes/ros_intro_ws/robot_arm_demo/install/ros2_control_demo_example_13/share/ros2_control_demo_example_13/environment/ament_prefix_path.sh
[0.870s] -- Symlinking: /home/lordcruise/Documents/aurora-robotics-core-1.0/codes/ros_intro_ws/robot_arm_demo/install/ros2_control_demo_example_13/share/ros2_control_demo_example_13/environment/ament_prefix_path.dsv
[0.874s] -- Symlinking: /home/lordcruise/Documents/aurora-robotics-core-1.0/codes/ros_intro_ws/robot_arm_demo/install/ros2_control_demo_example_13/share/ros2_control_demo_example_13/environment/path.sh
[0.881s] -- Symlinking: /home/lordcruise/Documents/aurora-robotics-core-1.0/codes/ros_intro_ws/robot_arm_demo/install/ros2_control_demo_example_13/share/ros2_control_demo_example_13/environment/path.dsv
[0.885s] -- Symlinking: /home/lordcruise/Documents/aurora-robotics-core-1.0/codes/ros_intro_ws/robot_arm_demo/install/ros2_control_demo_example_13/share/ros2_control_demo_example_13/local_setup.bash
[0.891s] -- Symlinking: /home/lordcruise/Documents/aurora-robotics-core-1.0/codes/ros_intro_ws/robot_arm_demo/install/ros2_control_demo_example_13/share/ros2_control_demo_example_13/local_setup.sh
[0.896s] -- Symlinking: /home/lordcruise/Documents/aurora-robotics-core-1.0/codes/ros_intro_ws/robot_arm_demo/install/ros2_control_demo_example_13/share/ros2_control_demo_example_13/local_setup.zsh
[0.901s] -- Symlinking: /home/lordcruise/Documents/aurora-robotics-core-1.0/codes/ros_intro_ws/robot_arm_demo/install/ros2_control_demo_example_13/share/ros2_control_demo_example_13/local_setup.dsv
[0.906s] -- Symlinking: /home/lordcruise/Documents/aurora-robotics-core-1.0/codes/ros_intro_ws/robot_arm_demo/install/ros2_control_demo_example_13/share/ros2_control_demo_example_13/package.dsv
[0.911s] -- Symlinking: /home/lordcruise/Documents/aurora-robotics-core-1.0/codes/ros_intro_ws/robot_arm_demo/install/ros2_control_demo_example_13/share/ament_index/resource_index/packages/ros2_control_demo_example_13
[0.916s] -- Symlinking: /home/lordcruise/Documents/aurora-robotics-core-1.0/codes/ros_intro_ws/robot_arm_demo/install/ros2_control_demo_example_13/share/ros2_control_demo_example_13/cmake/ros2_control_demo_example_13Config.cmake
[0.920s] -- Symlinking: /home/lordcruise/Documents/aurora-robotics-core-1.0/codes/ros_intro_ws/robot_arm_demo/install/ros2_control_demo_example_13/share/ros2_control_demo_example_13/cmake/ros2_control_demo_example_13Config-version.cmake
[0.925s] -- Symlinking: /home/lordcruise/Documents/aurora-robotics-core-1.0/codes/ros_intro_ws/robot_arm_demo/install/ros2_control_demo_example_13/share/ros2_control_demo_example_13/package.xml
[0.934s] Invoked command in '/home/lordcruise/Documents/aurora-robotics-core-1.0/codes/ros_intro_ws/robot_arm_demo/build/ros2_control_demo_example_13' returned '0': AMENT_PREFIX_PATH=/home/lordcruise/Documents/aurora-robotics-core-1.0/codes/ros_intro_ws/robot_arm_demo/install/ros2_control_demo_example_5:/home/lordcruise/Documents/aurora-robotics-core-1.0/codes/ros_intro_ws/robot_arm_demo/install/ros2_control_demo_example_4:${AMENT_PREFIX_PATH} CMAKE_PREFIX_PATH=/home/lordcruise/Documents/aurora-robotics-core-1.0/codes/ros_intro_ws/robot_arm_demo/install/ros2_control_demo_example_5:/home/lordcruise/Documents/aurora-robotics-core-1.0/codes/ros_intro_ws/robot_arm_demo/install/ros2_control_demo_example_4:/home/lordcruise/Documents/aurora-robotics-core-1.0/codes/ros_intro_ws/robot_arm_demo/install/ros2_control_demo_description:/opt/ros/humble LD_LIBRARY_PATH=/home/lordcruise/Documents/aurora-robotics-core-1.0/codes/ros_intro_ws/robot_arm_demo/install/ros2_control_demo_example_5/lib:/home/lordcruise/Documents/aurora-robotics-core-1.0/codes/ros_intro_ws/robot_arm_demo/install/ros2_control_demo_example_4/lib:${LD_LIBRARY_PATH} /usr/bin/cmake --install /home/lordcruise/Documents/aurora-robotics-core-1.0/codes/ros_intro_ws/robot_arm_demo/build/ros2_control_demo_example_13
