[0.024s] Invoking command in '/home/lordcruise/Documents/aurora-robotics-core-1.0/codes/ros_intro_ws/robot_arm_demo/build/ros2_control_demo_example_2': CMAKE_PREFIX_PATH=${CMAKE_PREFIX_PATH}:/opt/ros/humble /usr/bin/cmake /home/lordcruise/Documents/aurora-robotics-core-1.0/codes/ros_intro_ws/robot_arm_demo/src/ros2_control_demos/example_2 -DAMENT_CMAKE_SYMLINK_INSTALL=1 -DCMAKE_INSTALL_PREFIX=/home/lordcruise/Documents/aurora-robotics-core-1.0/codes/ros_intro_ws/robot_arm_demo/install/ros2_control_demo_example_2
[0.066s] -- The CXX compiler identification is GNU 11.4.0
[0.071s] -- Detecting CXX compiler ABI info
[0.112s] -- Detecting CXX compiler ABI info - done
[0.116s] -- Check for working CXX compiler: /usr/lib/ccache/c++ - skipped
[0.116s] -- Detecting CXX compile features
[0.117s] -- Detecting CXX compile features - done
[0.119s] -- Found ament_cmake: 1.3.11 (/opt/ros/humble/share/ament_cmake/cmake)
[0.390s] -- Found Python3: /usr/bin/python3 (found version "3.10.12") found components: Interpreter 
[0.440s] -- Override CMake install command with custom implementation using symlinks instead of copying resources
[0.461s] -- Found hardware_interface: 2.52.0 (/opt/ros/humble/share/hardware_interface/cmake)
[0.494s] -- Found rosidl_generator_c: 3.1.6 (/opt/ros/humble/share/rosidl_generator_c/cmake)
[0.495s] -- Found rosidl_adapter: 3.1.6 (/opt/ros/humble/share/rosidl_adapter/cmake)
[0.501s] -- Found rosidl_generator_cpp: 3.1.6 (/opt/ros/humble/share/rosidl_generator_cpp/cmake)
[0.511s] -- Using all available rosidl_typesupport_c: rosidl_typesupport_fastrtps_c;rosidl_typesupport_introspection_c
[0.523s] -- Using all available rosidl_typesupport_cpp: rosidl_typesupport_fastrtps_cpp;rosidl_typesupport_introspection_cpp
[0.682s] -- Found rmw_implementation_cmake: 6.1.2 (/opt/ros/humble/share/rmw_implementation_cmake/cmake)
[0.684s] -- Found rmw_fastrtps_cpp: 6.2.7 (/opt/ros/humble/share/rmw_fastrtps_cpp/cmake)
[0.705s] -- Found TinyXML2 via Config file: TinyXML2_DIR-NOTFOUND
[0.746s] -- Found OpenSSL: /usr/lib/x86_64-linux-gnu/libcrypto.so (found version "3.0.2")  
[0.748s] -- Found TinyXML2 via Config file: TinyXML2_DIR-NOTFOUND
[0.760s] -- Found FastRTPS: /opt/ros/humble/include  
[0.762s] -- Found TinyXML2 via Config file: TinyXML2_DIR-NOTFOUND
[0.769s] -- Found TinyXML2 via Config file: TinyXML2_DIR-NOTFOUND
[0.779s] -- Using RMW implementation 'rmw_fastrtps_cpp' as default
[0.786s] -- Looking for C++ include pthread.h
[0.881s] -- Looking for C++ include pthread.h - found
[0.882s] -- Performing Test CMAKE_HAVE_LIBC_PTHREAD
[0.993s] -- Performing Test CMAKE_HAVE_LIBC_PTHREAD - Success
[0.994s] -- Found Threads: TRUE  
[1.041s] -- Found ament_cmake_pytest: 1.3.11 (/opt/ros/humble/share/ament_cmake_pytest/cmake)
[1.858s] -- Configuring done
[1.868s] -- Generating done
[1.871s] -- Build files have been written to: /home/lordcruise/Documents/aurora-robotics-core-1.0/codes/ros_intro_ws/robot_arm_demo/build/ros2_control_demo_example_2
[1.879s] Invoked command in '/home/lordcruise/Documents/aurora-robotics-core-1.0/codes/ros_intro_ws/robot_arm_demo/build/ros2_control_demo_example_2' returned '0': CMAKE_PREFIX_PATH=${CMAKE_PREFIX_PATH}:/opt/ros/humble /usr/bin/cmake /home/lordcruise/Documents/aurora-robotics-core-1.0/codes/ros_intro_ws/robot_arm_demo/src/ros2_control_demos/example_2 -DAMENT_CMAKE_SYMLINK_INSTALL=1 -DCMAKE_INSTALL_PREFIX=/home/lordcruise/Documents/aurora-robotics-core-1.0/codes/ros_intro_ws/robot_arm_demo/install/ros2_control_demo_example_2
[1.880s] Invoking command in '/home/lordcruise/Documents/aurora-robotics-core-1.0/codes/ros_intro_ws/robot_arm_demo/build/ros2_control_demo_example_2': CMAKE_PREFIX_PATH=${CMAKE_PREFIX_PATH}:/opt/ros/humble /usr/bin/cmake --build /home/lordcruise/Documents/aurora-robotics-core-1.0/codes/ros_intro_ws/robot_arm_demo/build/ros2_control_demo_example_2 -- -j24 -l24
[1.921s] [ 50%] [32mBuilding CXX object CMakeFiles/ros2_control_demo_example_2.dir/hardware/diffbot_system.cpp.o[0m
[4.656s] [100%] [32m[1mLinking CXX shared library libros2_control_demo_example_2.so[0m
[4.775s] [100%] Built target ros2_control_demo_example_2
[4.783s] Invoked command in '/home/lordcruise/Documents/aurora-robotics-core-1.0/codes/ros_intro_ws/robot_arm_demo/build/ros2_control_demo_example_2' returned '0': CMAKE_PREFIX_PATH=${CMAKE_PREFIX_PATH}:/opt/ros/humble /usr/bin/cmake --build /home/lordcruise/Documents/aurora-robotics-core-1.0/codes/ros_intro_ws/robot_arm_demo/build/ros2_control_demo_example_2 -- -j24 -l24
[4.785s] Invoking command in '/home/lordcruise/Documents/aurora-robotics-core-1.0/codes/ros_intro_ws/robot_arm_demo/build/ros2_control_demo_example_2': CMAKE_PREFIX_PATH=${CMAKE_PREFIX_PATH}:/opt/ros/humble /usr/bin/cmake --install /home/lordcruise/Documents/aurora-robotics-core-1.0/codes/ros_intro_ws/robot_arm_demo/build/ros2_control_demo_example_2
[4.791s] -- Install configuration: ""
[4.791s] -- Execute custom install script
[4.792s] -- Symlinking: /home/lordcruise/Documents/aurora-robotics-core-1.0/codes/ros_intro_ws/robot_arm_demo/install/ros2_control_demo_example_2/share/ros2_control_demo_example_2//ros2_control_demo_example_2.xml
[4.799s] -- Symlinking: /home/lordcruise/Documents/aurora-robotics-core-1.0/codes/ros_intro_ws/robot_arm_demo/install/ros2_control_demo_example_2/include/ros2_control_demo_example_2/ros2_control_demo_example_2/diffbot_system.hpp
[4.806s] -- Symlinking: /home/lordcruise/Documents/aurora-robotics-core-1.0/codes/ros_intro_ws/robot_arm_demo/install/ros2_control_demo_example_2/share/ros2_control_demo_example_2/launch/view_robot.launch.py
[4.813s] -- Symlinking: /home/lordcruise/Documents/aurora-robotics-core-1.0/codes/ros_intro_ws/robot_arm_demo/install/ros2_control_demo_example_2/share/ros2_control_demo_example_2/ros2_control/diffbot.ros2_control.xacro
[4.820s] -- Symlinking: /home/lordcruise/Documents/aurora-robotics-core-1.0/codes/ros_intro_ws/robot_arm_demo/install/ros2_control_demo_example_2/share/ros2_control_demo_example_2/urdf/diffbot.urdf.xacro
[4.826s] -- Symlinking: /home/lordcruise/Documents/aurora-robotics-core-1.0/codes/ros_intro_ws/robot_arm_demo/install/ros2_control_demo_example_2/share/ros2_control_demo_example_2/launch/diffbot.launch.py
[4.833s] -- Symlinking: /home/lordcruise/Documents/aurora-robotics-core-1.0/codes/ros_intro_ws/robot_arm_demo/install/ros2_control_demo_example_2/share/ros2_control_demo_example_2/config/diffbot_controllers.yaml
[4.840s] -- Symlinking: /home/lordcruise/Documents/aurora-robotics-core-1.0/codes/ros_intro_ws/robot_arm_demo/install/ros2_control_demo_example_2/share/ros2_control_demo_example_2/environment/library_path.sh
[4.848s] -- Symlinking: /home/lordcruise/Documents/aurora-robotics-core-1.0/codes/ros_intro_ws/robot_arm_demo/install/ros2_control_demo_example_2/share/ros2_control_demo_example_2/environment/library_path.dsv
[4.855s] -- Symlinking: /home/lordcruise/Documents/aurora-robotics-core-1.0/codes/ros_intro_ws/robot_arm_demo/install/ros2_control_demo_example_2/share/ament_index/resource_index/package_run_dependencies/ros2_control_demo_example_2
[4.862s] -- Symlinking: /home/lordcruise/Documents/aurora-robotics-core-1.0/codes/ros_intro_ws/robot_arm_demo/install/ros2_control_demo_example_2/share/ament_index/resource_index/parent_prefix_path/ros2_control_demo_example_2
[4.870s] -- Symlinking: /home/lordcruise/Documents/aurora-robotics-core-1.0/codes/ros_intro_ws/robot_arm_demo/install/ros2_control_demo_example_2/share/ros2_control_demo_example_2/environment/ament_prefix_path.sh
[4.877s] -- Symlinking: /home/lordcruise/Documents/aurora-robotics-core-1.0/codes/ros_intro_ws/robot_arm_demo/install/ros2_control_demo_example_2/share/ros2_control_demo_example_2/environment/ament_prefix_path.dsv
[4.884s] -- Symlinking: /home/lordcruise/Documents/aurora-robotics-core-1.0/codes/ros_intro_ws/robot_arm_demo/install/ros2_control_demo_example_2/share/ros2_control_demo_example_2/environment/path.sh
[4.890s] -- Symlinking: /home/lordcruise/Documents/aurora-robotics-core-1.0/codes/ros_intro_ws/robot_arm_demo/install/ros2_control_demo_example_2/share/ros2_control_demo_example_2/environment/path.dsv
[4.898s] -- Symlinking: /home/lordcruise/Documents/aurora-robotics-core-1.0/codes/ros_intro_ws/robot_arm_demo/install/ros2_control_demo_example_2/share/ros2_control_demo_example_2/local_setup.bash
[4.906s] -- Symlinking: /home/lordcruise/Documents/aurora-robotics-core-1.0/codes/ros_intro_ws/robot_arm_demo/install/ros2_control_demo_example_2/share/ros2_control_demo_example_2/local_setup.sh
[4.913s] -- Symlinking: /home/lordcruise/Documents/aurora-robotics-core-1.0/codes/ros_intro_ws/robot_arm_demo/install/ros2_control_demo_example_2/share/ros2_control_demo_example_2/local_setup.zsh
[4.920s] -- Symlinking: /home/lordcruise/Documents/aurora-robotics-core-1.0/codes/ros_intro_ws/robot_arm_demo/install/ros2_control_demo_example_2/share/ros2_control_demo_example_2/local_setup.dsv
[4.926s] -- Symlinking: /home/lordcruise/Documents/aurora-robotics-core-1.0/codes/ros_intro_ws/robot_arm_demo/install/ros2_control_demo_example_2/share/ros2_control_demo_example_2/package.dsv
[4.933s] -- Symlinking: /home/lordcruise/Documents/aurora-robotics-core-1.0/codes/ros_intro_ws/robot_arm_demo/install/ros2_control_demo_example_2/share/ament_index/resource_index/packages/ros2_control_demo_example_2
[4.938s] -- Symlinking: /home/lordcruise/Documents/aurora-robotics-core-1.0/codes/ros_intro_ws/robot_arm_demo/install/ros2_control_demo_example_2/share/ament_index/resource_index/hardware_interface__pluginlib__plugin/ros2_control_demo_example_2
[4.954s] -- Symlinking: /home/lordcruise/Documents/aurora-robotics-core-1.0/codes/ros_intro_ws/robot_arm_demo/install/ros2_control_demo_example_2/share/ros2_control_demo_example_2/cmake/ament_cmake_export_targets-extras.cmake
[4.954s] -- Symlinking: /home/lordcruise/Documents/aurora-robotics-core-1.0/codes/ros_intro_ws/robot_arm_demo/install/ros2_control_demo_example_2/share/ros2_control_demo_example_2/cmake/ament_cmake_export_dependencies-extras.cmake
[4.957s] -- Symlinking: /home/lordcruise/Documents/aurora-robotics-core-1.0/codes/ros_intro_ws/robot_arm_demo/install/ros2_control_demo_example_2/share/ros2_control_demo_example_2/cmake/ros2_control_demo_example_2Config.cmake
[4.963s] -- Symlinking: /home/lordcruise/Documents/aurora-robotics-core-1.0/codes/ros_intro_ws/robot_arm_demo/install/ros2_control_demo_example_2/share/ros2_control_demo_example_2/cmake/ros2_control_demo_example_2Config-version.cmake
[4.973s] -- Symlinking: /home/lordcruise/Documents/aurora-robotics-core-1.0/codes/ros_intro_ws/robot_arm_demo/install/ros2_control_demo_example_2/share/ros2_control_demo_example_2/package.xml
[4.975s] -- Installing: /home/lordcruise/Documents/aurora-robotics-core-1.0/codes/ros_intro_ws/robot_arm_demo/install/ros2_control_demo_example_2/lib/libros2_control_demo_example_2.so
[4.976s] -- Set runtime path of "/home/lordcruise/Documents/aurora-robotics-core-1.0/codes/ros_intro_ws/robot_arm_demo/install/ros2_control_demo_example_2/lib/libros2_control_demo_example_2.so" to ""
[4.976s] -- Installing: /home/lordcruise/Documents/aurora-robotics-core-1.0/codes/ros_intro_ws/robot_arm_demo/install/ros2_control_demo_example_2/share/ros2_control_demo_example_2/cmake/export_ros2_control_demo_example_2Export.cmake
[4.976s] -- Installing: /home/lordcruise/Documents/aurora-robotics-core-1.0/codes/ros_intro_ws/robot_arm_demo/install/ros2_control_demo_example_2/share/ros2_control_demo_example_2/cmake/export_ros2_control_demo_example_2Export-noconfig.cmake
[4.978s] Invoked command in '/home/lordcruise/Documents/aurora-robotics-core-1.0/codes/ros_intro_ws/robot_arm_demo/build/ros2_control_demo_example_2' returned '0': CMAKE_PREFIX_PATH=${CMAKE_PREFIX_PATH}:/opt/ros/humble /usr/bin/cmake --install /home/lordcruise/Documents/aurora-robotics-core-1.0/codes/ros_intro_ws/robot_arm_demo/build/ros2_control_demo_example_2
