[0.096s] DEBUG:colcon:Command line arguments: ['/usr/bin/colcon', 'build']
[0.096s] DEBUG:colcon:Parsed command line arguments: Namespace(log_base=None, log_level=None, verb_name='build', build_base='build', install_base='install', merge_install=False, symlink_install=False, test_result_base=None, continue_on_error=False, executor='parallel', parallel_workers=24, event_handlers=None, ignore_user_meta=False, metas=['./colcon.meta'], base_paths=['.'], packages_ignore=None, packages_ignore_regex=None, paths=None, packages_up_to=None, packages_up_to_regex=None, packages_above=None, packages_above_and_dependencies=None, packages_above_depth=None, packages_select_by_dep=None, packages_skip_by_dep=None, packages_skip_up_to=None, packages_select_build_failed=False, packages_skip_build_finished=False, packages_select_test_failures=False, packages_skip_test_passed=False, packages_select=None, packages_skip=None, packages_select_regex=None, packages_skip_regex=None, packages_start=None, packages_end=None, allow_overriding=[], cmake_args=None, cmake_target=None, cmake_target_skip_unavailable=False, cmake_clean_cache=False, cmake_clean_first=False, cmake_force_configure=False, ament_cmake_args=None, catkin_cmake_args=None, catkin_skip_building_tests=False, verb_parser=<colcon_defaults.argument_parser.defaults.DefaultArgumentsDecorator object at 0x769bcbb62da0>, verb_extension=<colcon_core.verb.build.BuildVerb object at 0x769bcbb18100>, main=<bound method BuildVerb.main of <colcon_core.verb.build.BuildVerb object at 0x769bcbb18100>>)
[0.139s] Level 1:colcon.colcon_core.package_discovery:discover_packages(colcon_meta) check parameters
[0.139s] Level 1:colcon.colcon_core.package_discovery:discover_packages(recursive) check parameters
[0.139s] Level 1:colcon.colcon_core.package_discovery:discover_packages(ignore) check parameters
[0.139s] Level 1:colcon.colcon_core.package_discovery:discover_packages(path) check parameters
[0.139s] Level 1:colcon.colcon_core.package_discovery:discover_packages(colcon_meta) discover
[0.139s] Level 1:colcon.colcon_core.package_discovery:discover_packages(recursive) discover
[0.139s] INFO:colcon.colcon_core.package_discovery:Crawling recursively for packages in '/home/lordcruise/Documents/aurora-robotics-core-1.0/codes/robotic-arm-task/fanuc_m710ic_description'
[0.139s] Level 1:colcon.colcon_core.package_identification:_identify(.) by extensions ['ignore', 'ignore_ament_install']
[0.139s] Level 1:colcon.colcon_core.package_identification:_identify(.) by extension 'ignore'
[0.139s] Level 1:colcon.colcon_core.package_identification:_identify(.) by extension 'ignore_ament_install'
[0.139s] Level 1:colcon.colcon_core.package_identification:_identify(.) by extensions ['colcon_pkg']
[0.139s] Level 1:colcon.colcon_core.package_identification:_identify(.) by extension 'colcon_pkg'
[0.139s] Level 1:colcon.colcon_core.package_identification:_identify(.) by extensions ['colcon_meta']
[0.139s] Level 1:colcon.colcon_core.package_identification:_identify(.) by extension 'colcon_meta'
[0.139s] Level 1:colcon.colcon_core.package_identification:_identify(.) by extensions ['ros']
[0.139s] Level 1:colcon.colcon_core.package_identification:_identify(.) by extension 'ros'
[0.152s] DEBUG:colcon.colcon_core.package_identification:Package '.' with type 'ros.catkin' and name 'fanuc_m710ic_support'
[0.152s] Level 1:colcon.colcon_core.package_discovery:discover_packages(recursive) using defaults
[0.152s] Level 1:colcon.colcon_core.package_discovery:discover_packages(ignore) discover
[0.152s] Level 1:colcon.colcon_core.package_discovery:discover_packages(ignore) using defaults
[0.152s] Level 1:colcon.colcon_core.package_discovery:discover_packages(path) discover
[0.152s] Level 1:colcon.colcon_core.package_discovery:discover_packages(path) using defaults
[0.169s] Level 1:colcon.colcon_core.package_discovery:discover_packages(prefix_path) check parameters
[0.169s] Level 1:colcon.colcon_core.package_discovery:discover_packages(prefix_path) discover
[0.173s] DEBUG:colcon.colcon_installed_package_information.package_discovery:Found 366 installed packages in /opt/ros/humble
[0.173s] Level 1:colcon.colcon_core.package_discovery:discover_packages(prefix_path) using defaults
[0.201s] Level 5:colcon.colcon_core.verb:set package 'fanuc_m710ic_support' build argument 'cmake_args' from command line to 'None'
[0.201s] Level 5:colcon.colcon_core.verb:set package 'fanuc_m710ic_support' build argument 'cmake_target' from command line to 'None'
[0.201s] Level 5:colcon.colcon_core.verb:set package 'fanuc_m710ic_support' build argument 'cmake_target_skip_unavailable' from command line to 'False'
[0.201s] Level 5:colcon.colcon_core.verb:set package 'fanuc_m710ic_support' build argument 'cmake_clean_cache' from command line to 'False'
[0.201s] Level 5:colcon.colcon_core.verb:set package 'fanuc_m710ic_support' build argument 'cmake_clean_first' from command line to 'False'
[0.201s] Level 5:colcon.colcon_core.verb:set package 'fanuc_m710ic_support' build argument 'cmake_force_configure' from command line to 'False'
[0.201s] Level 5:colcon.colcon_core.verb:set package 'fanuc_m710ic_support' build argument 'ament_cmake_args' from command line to 'None'
[0.201s] Level 5:colcon.colcon_core.verb:set package 'fanuc_m710ic_support' build argument 'catkin_cmake_args' from command line to 'None'
[0.201s] Level 5:colcon.colcon_core.verb:set package 'fanuc_m710ic_support' build argument 'catkin_skip_building_tests' from command line to 'False'
[0.201s] DEBUG:colcon.colcon_core.verb:Building package 'fanuc_m710ic_support' with the following arguments: {'ament_cmake_args': None, 'build_base': '/home/lordcruise/Documents/aurora-robotics-core-1.0/codes/robotic-arm-task/fanuc_m710ic_description/build/fanuc_m710ic_support', 'catkin_cmake_args': None, 'catkin_skip_building_tests': False, 'cmake_args': None, 'cmake_clean_cache': False, 'cmake_clean_first': False, 'cmake_force_configure': False, 'cmake_target': None, 'cmake_target_skip_unavailable': False, 'install_base': '/home/lordcruise/Documents/aurora-robotics-core-1.0/codes/robotic-arm-task/fanuc_m710ic_description/install/fanuc_m710ic_support', 'merge_install': False, 'path': '/home/lordcruise/Documents/aurora-robotics-core-1.0/codes/robotic-arm-task/fanuc_m710ic_description', 'symlink_install': False, 'test_result_base': None}
[0.201s] INFO:colcon.colcon_core.executor:Executing jobs using 'parallel' executor
[0.202s] DEBUG:colcon.colcon_parallel_executor.executor.parallel:run_until_complete
[0.202s] INFO:colcon.colcon_ros.task.catkin.build:Building ROS package in '/home/lordcruise/Documents/aurora-robotics-core-1.0/codes/robotic-arm-task/fanuc_m710ic_description' with build type 'catkin'
[0.202s] INFO:colcon.colcon_cmake.task.cmake.build:Building CMake package in '/home/lordcruise/Documents/aurora-robotics-core-1.0/codes/robotic-arm-task/fanuc_m710ic_description'
[0.205s] INFO:colcon.colcon_core.plugin_system:Skipping extension 'colcon_core.shell.bat': Not used on non-Windows systems
[0.205s] INFO:colcon.colcon_core.shell:Skip shell extension 'powershell' for command environment: Not usable outside of PowerShell
[0.206s] DEBUG:colcon.colcon_core.shell:Skip shell extension 'dsv' for command environment
[0.212s] DEBUG:colcon.colcon_core.event_handler.log_command:Invoking command in '/home/lordcruise/Documents/aurora-robotics-core-1.0/codes/robotic-arm-task/fanuc_m710ic_description/build/fanuc_m710ic_support': /usr/bin/cmake /home/lordcruise/Documents/aurora-robotics-core-1.0/codes/robotic-arm-task/fanuc_m710ic_description -DCATKIN_INSTALL_INTO_PREFIX_ROOT=0 -DCMAKE_INSTALL_PREFIX=/home/lordcruise/Documents/aurora-robotics-core-1.0/codes/robotic-arm-task/fanuc_m710ic_description/install/fanuc_m710ic_support
[0.239s] DEBUG:colcon.colcon_core.event_handler.log_command:Invoked command in '/home/lordcruise/Documents/aurora-robotics-core-1.0/codes/robotic-arm-task/fanuc_m710ic_description/build/fanuc_m710ic_support' returned '1': /usr/bin/cmake /home/lordcruise/Documents/aurora-robotics-core-1.0/codes/robotic-arm-task/fanuc_m710ic_description -DCATKIN_INSTALL_INTO_PREFIX_ROOT=0 -DCMAKE_INSTALL_PREFIX=/home/lordcruise/Documents/aurora-robotics-core-1.0/codes/robotic-arm-task/fanuc_m710ic_description/install/fanuc_m710ic_support
[0.247s] Level 1:colcon.colcon_core.environment:create_environment_scripts_only(fanuc_m710ic_support)
[0.249s] Level 1:colcon.colcon_core.environment:checking '/home/lordcruise/Documents/aurora-robotics-core-1.0/codes/robotic-arm-task/fanuc_m710ic_description/install/fanuc_m710ic_support' for CMake module files
[0.250s] Level 1:colcon.colcon_core.environment:checking '/home/lordcruise/Documents/aurora-robotics-core-1.0/codes/robotic-arm-task/fanuc_m710ic_description/install/fanuc_m710ic_support' for CMake config files
[0.250s] Level 1:colcon.colcon_core.environment:checking '/home/lordcruise/Documents/aurora-robotics-core-1.0/codes/robotic-arm-task/fanuc_m710ic_description/install/fanuc_m710ic_support/bin'
[0.250s] Level 1:colcon.colcon_core.environment:checking '/home/lordcruise/Documents/aurora-robotics-core-1.0/codes/robotic-arm-task/fanuc_m710ic_description/install/fanuc_m710ic_support/lib/pkgconfig/fanuc_m710ic_support.pc'
[0.250s] Level 1:colcon.colcon_core.environment:checking '/home/lordcruise/Documents/aurora-robotics-core-1.0/codes/robotic-arm-task/fanuc_m710ic_description/install/fanuc_m710ic_support/lib/python3.10/site-packages'
[0.250s] Level 1:colcon.colcon_core.environment:checking '/home/lordcruise/Documents/aurora-robotics-core-1.0/codes/robotic-arm-task/fanuc_m710ic_description/install/fanuc_m710ic_support/bin'
[0.250s] INFO:colcon.colcon_core.shell:Creating package script '/home/lordcruise/Documents/aurora-robotics-core-1.0/codes/robotic-arm-task/fanuc_m710ic_description/install/fanuc_m710ic_support/share/fanuc_m710ic_support/package.ps1'
[0.251s] INFO:colcon.colcon_core.shell:Creating package descriptor '/home/lordcruise/Documents/aurora-robotics-core-1.0/codes/robotic-arm-task/fanuc_m710ic_description/install/fanuc_m710ic_support/share/fanuc_m710ic_support/package.dsv'
[0.251s] INFO:colcon.colcon_core.shell:Creating package script '/home/lordcruise/Documents/aurora-robotics-core-1.0/codes/robotic-arm-task/fanuc_m710ic_description/install/fanuc_m710ic_support/share/fanuc_m710ic_support/package.sh'
[0.251s] INFO:colcon.colcon_core.shell:Creating package script '/home/lordcruise/Documents/aurora-robotics-core-1.0/codes/robotic-arm-task/fanuc_m710ic_description/install/fanuc_m710ic_support/share/fanuc_m710ic_support/package.bash'
[0.252s] INFO:colcon.colcon_core.shell:Creating package script '/home/lordcruise/Documents/aurora-robotics-core-1.0/codes/robotic-arm-task/fanuc_m710ic_description/install/fanuc_m710ic_support/share/fanuc_m710ic_support/package.zsh'
[0.252s] Level 1:colcon.colcon_core.environment:create_file_with_runtime_dependencies(/home/lordcruise/Documents/aurora-robotics-core-1.0/codes/robotic-arm-task/fanuc_m710ic_description/install/fanuc_m710ic_support/share/colcon-core/packages/fanuc_m710ic_support)
[0.263s] DEBUG:colcon.colcon_parallel_executor.executor.parallel:closing loop
[0.263s] DEBUG:colcon.colcon_parallel_executor.executor.parallel:loop closed
[0.263s] DEBUG:colcon.colcon_parallel_executor.executor.parallel:run_until_complete finished with '1'
[0.263s] DEBUG:colcon.colcon_core.event_reactor:joining thread
[0.268s] INFO:colcon.colcon_core.plugin_system:Skipping extension 'colcon_notification.desktop_notification.terminal_notifier': Not used on non-Darwin systems
[0.268s] INFO:colcon.colcon_core.plugin_system:Skipping extension 'colcon_notification.desktop_notification.win32': Not used on non-Windows systems
[0.268s] INFO:colcon.colcon_notification.desktop_notification:Sending desktop notification using 'notify2'
[0.275s] DEBUG:colcon.colcon_core.event_reactor:joined thread
[0.276s] INFO:colcon.colcon_core.shell:Creating prefix script '/home/lordcruise/Documents/aurora-robotics-core-1.0/codes/robotic-arm-task/fanuc_m710ic_description/install/local_setup.ps1'
[0.277s] INFO:colcon.colcon_core.shell:Creating prefix util module '/home/lordcruise/Documents/aurora-robotics-core-1.0/codes/robotic-arm-task/fanuc_m710ic_description/install/_local_setup_util_ps1.py'
[0.278s] INFO:colcon.colcon_core.shell:Creating prefix chain script '/home/lordcruise/Documents/aurora-robotics-core-1.0/codes/robotic-arm-task/fanuc_m710ic_description/install/setup.ps1'
[0.279s] INFO:colcon.colcon_core.shell:Creating prefix script '/home/lordcruise/Documents/aurora-robotics-core-1.0/codes/robotic-arm-task/fanuc_m710ic_description/install/local_setup.sh'
[0.280s] INFO:colcon.colcon_core.shell:Creating prefix util module '/home/lordcruise/Documents/aurora-robotics-core-1.0/codes/robotic-arm-task/fanuc_m710ic_description/install/_local_setup_util_sh.py'
[0.280s] INFO:colcon.colcon_core.shell:Creating prefix chain script '/home/lordcruise/Documents/aurora-robotics-core-1.0/codes/robotic-arm-task/fanuc_m710ic_description/install/setup.sh'
[0.281s] INFO:colcon.colcon_core.shell:Creating prefix script '/home/lordcruise/Documents/aurora-robotics-core-1.0/codes/robotic-arm-task/fanuc_m710ic_description/install/local_setup.bash'
[0.282s] INFO:colcon.colcon_core.shell:Creating prefix chain script '/home/lordcruise/Documents/aurora-robotics-core-1.0/codes/robotic-arm-task/fanuc_m710ic_description/install/setup.bash'
[0.282s] INFO:colcon.colcon_core.shell:Creating prefix script '/home/lordcruise/Documents/aurora-robotics-core-1.0/codes/robotic-arm-task/fanuc_m710ic_description/install/local_setup.zsh'
[0.283s] INFO:colcon.colcon_core.shell:Creating prefix chain script '/home/lordcruise/Documents/aurora-robotics-core-1.0/codes/robotic-arm-task/fanuc_m710ic_description/install/setup.zsh'
